0 info it worked if it ends with ok
1 verbose cli [ '/usr/local/bin/node', '/usr/local/bin/npm', 'publish' ]
2 info using npm@4.0.5
3 info using node@v8.0.0-nightly20161231a6ca94a5f5
4 verbose publish [ '.' ]
5 silly cache add args [ '.', null ]
6 verbose cache add spec .
7 silly cache add parsed spec Result {
7 silly cache add   raw: '.',
7 silly cache add   scope: null,
7 silly cache add   escapedName: null,
7 silly cache add   name: null,
7 silly cache add   rawSpec: '.',
7 silly cache add   spec: '/home/kev/projects/aesthetics',
7 silly cache add   type: 'directory' }
8 verbose addLocalDirectory /home/kev/.npm/aesthetics/2.0.0/package.tgz not in flight; packing
9 verbose correctMkdir /home/kev/.npm correctMkdir not in flight; initializing
10 info lifecycle aesthetics@2.0.0~prepublish: aesthetics@2.0.0
11 silly lifecycle aesthetics@2.0.0~prepublish: no script for prepublish, continuing
12 info lifecycle aesthetics@2.0.0~prepare: aesthetics@2.0.0
13 silly lifecycle aesthetics@2.0.0~prepare: no script for prepare, continuing
14 verbose tar pack [ '/home/kev/.npm/aesthetics/2.0.0/package.tgz',
14 verbose tar pack   '/home/kev/projects/aesthetics' ]
15 verbose tarball /home/kev/.npm/aesthetics/2.0.0/package.tgz
16 verbose folder /home/kev/projects/aesthetics
17 verbose addLocalTarball adding from inside cache /home/kev/.npm/aesthetics/2.0.0/package.tgz
18 verbose correctMkdir /home/kev/.npm correctMkdir not in flight; initializing
19 silly cache afterAdd aesthetics@2.0.0
20 verbose afterAdd /home/kev/.npm/aesthetics/2.0.0/package/package.json not in flight; writing
21 verbose correctMkdir /home/kev/.npm correctMkdir not in flight; initializing
22 verbose afterAdd /home/kev/.npm/aesthetics/2.0.0/package/package.json written
23 silly publish { name: 'aesthetics',
23 silly publish   version: '2.0.0',
23 silly publish   fullVersion: '2.0.0',
23 silly publish   description: 'Aesthetics/vaporwave/full-width',
23 silly publish   main: 'index.js',
23 silly publish   repository:
23 silly publish    { type: 'git',
23 silly publish      url: 'git+https://github.com/wkev/aesthetics.git' },
23 silly publish   author: { name: 'Kev' },
23 silly publish   bugs: { url: 'https://github.com/wkev/aesthetics/issues' },
23 silly publish   homepage: 'https://github.com/wkev/aesthetics#readme',
23 silly publish   readme: 'Aesthetics/vaporwave/full-width\n\nInstallation\n-------\n\n `npm install aesthetics`\n\nExample\n-------\n\n```javascript\nconst aesthetics = require(\'aesthetics\');\nconsole.log(aesthetics(\'Hey there\'))\n```\n',
23 silly publish   readmeFilename: 'README.md',
23 silly publish   gitHead: '918a49201ce711c6f68afc3cd92222f008b77c85',
23 silly publish   _id: 'aesthetics@2.0.0',
23 silly publish   scripts: {},
23 silly publish   _shasum: 'e73863be7d134f8d3f7ecd71a8cdecb8c4f5d3b2',
23 silly publish   _from: '.' }
24 info lifecycle aesthetics@2.0.0~prepublishOnly: aesthetics@2.0.0
25 silly lifecycle aesthetics@2.0.0~prepublishOnly: no script for prepublishOnly, continuing
26 verbose getPublishConfig undefined
27 silly mapToRegistry name aesthetics
28 silly mapToRegistry using default registry
29 silly mapToRegistry registry https://registry.npmjs.org/
30 silly mapToRegistry data Result {
30 silly mapToRegistry   raw: 'aesthetics',
30 silly mapToRegistry   scope: null,
30 silly mapToRegistry   escapedName: 'aesthetics',
30 silly mapToRegistry   name: 'aesthetics',
30 silly mapToRegistry   rawSpec: '',
30 silly mapToRegistry   spec: 'latest',
30 silly mapToRegistry   type: 'tag' }
31 silly mapToRegistry uri https://registry.npmjs.org/aesthetics
32 verbose publish registryBase https://registry.npmjs.org/
33 silly publish uploading /home/kev/.npm/aesthetics/2.0.0/package.tgz
34 verbose request uri https://registry.npmjs.org/aesthetics
35 verbose request sending authorization for write operation
36 info attempt registry request try #1 at 1:17:26 AM
37 verbose request using bearer token for auth
38 verbose request id 363cad794570e09a
39 http request PUT https://registry.npmjs.org/aesthetics
40 http 403 https://registry.npmjs.org/aesthetics
41 verbose headers { 'content-type': 'application/json',
41 verbose headers   'cache-control': 'max-age=300',
41 verbose headers   'content-length': '95',
41 verbose headers   'accept-ranges': 'bytes',
41 verbose headers   date: 'Fri, 27 Jan 2017 01:17:27 GMT',
41 verbose headers   via: '1.1 varnish',
41 verbose headers   connection: 'keep-alive',
41 verbose headers   'x-served-by': 'cache-jfk8130-JFK',
41 verbose headers   'x-cache': 'MISS',
41 verbose headers   'x-cache-hits': '0',
41 verbose headers   'x-timer': 'S1485479847.065567,VS0,VE670',
41 verbose headers   vary: 'Accept-Encoding' }
42 verbose request invalidating /home/kev/.npm/registry.npmjs.org/aesthetics on PUT
43 error publish Failed PUT 403
44 verbose stack Error: "You cannot publish over the previously published version 2.0.0." : aesthetics
44 verbose stack     at makeError (/usr/local/lib/node_modules/npm/node_modules/npm-registry-client/lib/request.js:302:12)
44 verbose stack     at CachingRegistryClient.<anonymous> (/usr/local/lib/node_modules/npm/node_modules/npm-registry-client/lib/request.js:290:14)
44 verbose stack     at Request._callback (/usr/local/lib/node_modules/npm/node_modules/npm-registry-client/lib/request.js:210:14)
44 verbose stack     at Request.self.callback (/usr/local/lib/node_modules/npm/node_modules/request/request.js:186:22)
44 verbose stack     at emitTwo (events.js:106:13)
44 verbose stack     at Request.emit (events.js:191:7)
44 verbose stack     at Request.<anonymous> (/usr/local/lib/node_modules/npm/node_modules/request/request.js:1081:10)
44 verbose stack     at emitOne (events.js:96:13)
44 verbose stack     at Request.emit (events.js:188:7)
44 verbose stack     at IncomingMessage.<anonymous> (/usr/local/lib/node_modules/npm/node_modules/request/request.js:1001:12)
45 verbose statusCode 403
46 verbose pkgid aesthetics
47 verbose cwd /home/kev/projects/aesthetics
48 error Linux 4.8.0-34-generic
49 error argv "/usr/local/bin/node" "/usr/local/bin/npm" "publish"
50 error node v8.0.0-nightly20161231a6ca94a5f5
51 error npm  v4.0.5
52 error code E403
53 error "You cannot publish over the previously published version 2.0.0." : aesthetics
54 error If you need help, you may report this error at:
54 error     <https://github.com/npm/npm/issues>
55 verbose exit [ 1, true ]
